\BOOKMARK [0][-]{figure.caption.1}{\376\377\000C\000E\000R\000T\000I\000F\000I\000C\000A\000T\000E}{}% 1
\BOOKMARK [0][-]{chapter*.3}{\376\377\000D\000E\000C\000L\000A\000R\000A\000T\000I\000O\000N}{}% 2
\BOOKMARK [0][-]{chapter*.4}{\376\377\000A\000C\000K\000N\000O\000W\000L\000E\000D\000G\000E\000M\000E\000N\000T}{}% 3
\BOOKMARK [0][-]{chapter*.6}{\376\377\000L\000I\000S\000T\000\040\000O\000F\000\040\000F\000I\000G\000U\000R\000E\000S}{}% 4
\BOOKMARK [0][-]{chapter*.7}{\376\377\000L\000I\000S\000T\000\040\000O\000F\000\040\000T\000A\000B\000L\000E\000S}{}% 5
\BOOKMARK [0][-]{chapter*.8}{\376\377\000A\000B\000S\000T\000R\000A\000C\000T}{}% 6
\BOOKMARK [0][-]{chapter.1}{\376\377\000I\000N\000T\000R\000O\000D\000U\000C\000T\000I\000O\000N}{}% 7
\BOOKMARK [1][-]{section.1.1}{\376\377\000O\000v\000e\000r\000v\000i\000e\000w}{chapter.1}% 8
\BOOKMARK [1][-]{section.1.2}{\376\377\000D\000i\000f\000f\000e\000r\000e\000n\000t\000\040\000K\000i\000n\000d\000s\000\040\000o\000f\000\040\000S\000e\000r\000v\000i\000c\000e\000s}{chapter.1}% 9
\BOOKMARK [2][-]{subsection.1.2.1}{\376\377\000L\000a\000m\000b\000d\000a\000\040\000F\000u\000n\000c\000t\000i\000o\000n}{section.1.2}% 10
\BOOKMARK [2][-]{subsection.1.2.2}{\376\377\000S\000i\000m\000p\000l\000e\000\040\000E\000m\000a\000i\000l\000\040\000S\000e\000r\000v\000i\000c\000e\000\040}{section.1.2}% 11
\BOOKMARK [2][-]{subsection.1.2.3}{\376\377\000S\000i\000m\000p\000l\000e\000\040\000N\000o\000t\000i\000f\000i\000c\000a\000t\000i\000o\000n\000\040\000S\000e\000r\000v\000i\000c\000e}{section.1.2}% 12
\BOOKMARK [2][-]{subsection.1.2.4}{\376\377\000S\000i\000m\000p\000l\000e\000\040\000Q\000u\000e\000u\000e\000\040\000S\000e\000r\000v\000i\000c\000e}{section.1.2}% 13
\BOOKMARK [2][-]{subsection.1.2.5}{\376\377\000A\000P\000I\000\040\000G\000a\000t\000e\000w\000a\000y\000\040}{section.1.2}% 14
\BOOKMARK [2][-]{subsection.1.2.6}{\376\377\000C\000l\000o\000u\000d\000W\000a\000t\000c\000h\000\040}{section.1.2}% 15
\BOOKMARK [2][-]{subsection.1.2.7}{\376\377\000X\000-\000r\000a\000y}{section.1.2}% 16
\BOOKMARK [1][-]{section.1.3}{\376\377\000P\000r\000o\000b\000l\000e\000m\000\040\000D\000e\000f\000i\000n\000i\000t\000i\000o\000n}{chapter.1}% 17
\BOOKMARK [1][-]{section.1.4}{\376\377\000P\000r\000o\000p\000o\000s\000e\000d\000\040\000S\000y\000s\000t\000e\000m}{chapter.1}% 18
\BOOKMARK [1][-]{section.1.5}{\376\377\000R\000e\000q\000u\000i\000r\000e\000m\000e\000n\000t\000s\000\040\000S\000p\000e\000c\000i\000f\000i\000c\000a\000t\000i\000o\000n}{chapter.1}% 19
\BOOKMARK [2][-]{subsection.1.5.1}{\376\377\000S\000o\000f\000t\000w\000a\000r\000e\000\040\000R\000e\000q\000u\000i\000r\000e\000m\000e\000n\000t\000s}{section.1.5}% 20
\BOOKMARK [2][-]{subsection.1.5.2}{\376\377\000H\000a\000r\000d\000w\000a\000r\000e\000\040\000R\000e\000q\000u\000i\000r\000e\000m\000e\000n\000t\000s}{section.1.5}% 21
\BOOKMARK [0][-]{chapter.2}{\376\377\000L\000I\000T\000E\000R\000A\000T\000U\000R\000E\000\040\000S\000U\000R\000V\000E\000Y}{}% 22
\BOOKMARK [0][-]{chapter.3}{\376\377\000D\000E\000S\000I\000G\000N\000\040\000M\000E\000T\000H\000O\000D\000O\000L\000O\000G\000Y\000\040\000O\000F\000\040\000B\000U\000L\000K\000\040\000E\000M\000A\000I\000L\000\040\000M\000A\000N\000A\000G\000E\000M\000E\000N\000T\000\040\000S\000Y\000S\000T\000E\000M}{}% 23
\BOOKMARK [1][-]{section.3.1}{\376\377\000U\000M\000L\000\040\000D\000i\000a\000g\000r\000a\000m\000s}{chapter.3}% 24
\BOOKMARK [2][-]{subsection.3.1.1}{\376\377\000U\000s\000e\000\040\000C\000a\000s\000e\000\040\000D\000i\000a\000g\000r\000a\000m}{section.3.1}% 25
\BOOKMARK [1][-]{section.3.2}{\376\377\000D\000a\000t\000a\000\040\000F\000l\000o\000w\000\040\000D\000i\000a\000g\000r\000a\000m}{chapter.3}% 26
\BOOKMARK [1][-]{section.3.3}{\376\377\000A\000r\000c\000h\000i\000t\000e\000c\000t\000u\000r\000e\000\040\000d\000i\000a\000g\000r\000a\000m}{chapter.3}% 27
\BOOKMARK [0][-]{chapter.4}{\376\377\000I\000M\000P\000L\000E\000M\000E\000N\000T\000A\000T\000I\000O\000N}{}% 28
\BOOKMARK [1][-]{section.4.1}{\376\377\000F\000r\000o\000n\000t\000e\000n\000d}{chapter.4}% 29
\BOOKMARK [1][-]{section.4.2}{\376\377\000S\000e\000r\000v\000e\000r\000l\000e\000s\000s\000\040\000F\000u\000n\000c\000t\000i\000o\000n\000s}{chapter.4}% 30
\BOOKMARK [2][-]{subsection.4.2.1}{\376\377\000e\000m\000a\000i\000l\000\137\000b\000a\000t\000c\000h\000e\000r}{section.4.2}% 31
\BOOKMARK [2][-]{subsection.4.2.2}{\376\377\000s\000q\000s\000\137\000m\000a\000i\000l\000e\000r}{section.4.2}% 32
\BOOKMARK [2][-]{subsection.4.2.3}{\376\377\000b\000o\000u\000n\000c\000e\000\137\000m\000a\000i\000l\000e\000r}{section.4.2}% 33
\BOOKMARK [2][-]{subsection.4.2.4}{\376\377\000b\000o\000u\000n\000c\000e\000\137\000d\000b}{section.4.2}% 34
\BOOKMARK [1][-]{section.4.3}{\376\377\000A\000P\000I\000\040\000e\000n\000d\000p\000o\000i\000n\000t\000s}{chapter.4}% 35
\BOOKMARK [2][-]{subsection.4.3.1}{\376\377\000E\000m\000a\000i\000l\000\040\000s\000e\000n\000d\000i\000n\000g}{section.4.3}% 36
\BOOKMARK [2][-]{subsection.4.3.2}{\376\377\000b\000o\000u\000n\000c\000e\000\040\000s\000e\000n\000d\000i\000n\000g}{section.4.3}% 37
\BOOKMARK [0][-]{chapter.5}{\376\377\000T\000E\000S\000T\000I\000N\000G\000\040\000A\000N\000D\000\040\000R\000E\000S\000U\000L\000T\000S}{}% 38
\BOOKMARK [1][-]{section.5.1}{\376\377\000P\000e\000r\000f\000o\000r\000m\000a\000n\000c\000e}{chapter.5}% 39
\BOOKMARK [1][-]{section.5.2}{\376\377\000E\000r\000r\000o\000r\000\040\000H\000a\000n\000d\000l\000i\000n\000g}{chapter.5}% 40
\BOOKMARK [1][-]{section.5.3}{\376\377\000C\000o\000s\000t}{chapter.5}% 41
\BOOKMARK [1][-]{section.5.4}{\376\377\000R\000e\000s\000u\000l\000t\000s}{chapter.5}% 42
\BOOKMARK [2][-]{subsection.5.4.1}{\376\377\000D\000a\000s\000h\000b\000o\000a\000r\000d}{section.5.4}% 43
\BOOKMARK [0][-]{chapter.6}{\376\377\000C\000O\000N\000C\000L\000U\000S\000I\000O\000N\000\040\000A\000N\000D\000\040\000F\000U\000T\000U\000R\000E\000\040\000S\000C\000O\000P\000E}{}% 44
\BOOKMARK [1][-]{section.6.1}{\376\377\000C\000o\000n\000c\000l\000u\000s\000i\000o\000n}{chapter.6}% 45
\BOOKMARK [1][-]{section.6.2}{\376\377\000F\000u\000t\000u\000r\000e\000\040\000S\000c\000o\000p\000e}{chapter.6}% 46
\BOOKMARK [0][-]{section.6.2}{\376\377\000B\000I\000B\000L\000I\000O\000G\000R\000A\000P\000H\000Y}{}% 47
\BOOKMARK [0][-]{chapter*.21}{\376\377\000A\000P\000P\000E\000N\000D\000I\000X}{}% 48
