This is pdfTeX, Version 3.141592653-2.6-1.40.23 (TeX Live 2021/W32TeX) (preloaded format=pdflatex 2021.8.31)  5 DEC 2021 22:45
entering extended mode
 restricted \write18 enabled.
 %&-line parsing enabled.
**ch2_lit_survey.tex
(./ch2_lit_survey.tex
LaTeX2e <2021-06-01> patch level 1
L3 programming layer <2021-08-27>
! Undefined control sequence.
l.1 \chapter
            {LITERATURE SURVEY}
? 
! Emergency stop.
l.1 \chapter
            {LITERATURE SURVEY}
End of file on the terminal!

 
Here is how much of TeX's memory you used:
 16 strings out of 478599
 418 string characters out of 5858101
 290599 words of memory out of 5000000
 17998 multiletter control sequences out of 15000+600000
 403430 words of font info for 27 fonts, out of 8000000 for 9000
 1141 hyphenation exceptions out of 8191
 13i,0n,12p,77b,10s stack positions out of 5000i,500n,10000p,200000b,80000s
!  ==> Fatal error occurred, no output PDF file produced!
